<?xml version="1.0" encoding="UTF-8"?>
<!-- Generated by org.testng.reporters.JUnitReportReporter -->
<testsuite hostname="DESKTOP-FJ4DCVT" failures="0" tests="1" name="selenium.report.Day7_3" time="28.170" errors="0" timestamp="2023-06-02T23:09:21 IST" skipped="0">
  <testcase classname="selenium.report.Day7_3" name="main" time="28.170"/>
  <system-out/>
</testsuite> <!-- selenium.report.Day7_3 -->
