<?xml version="1.0" encoding="UTF-8"?>
<!-- Generated by org.testng.reporters.JUnitReportReporter -->
<testsuite hostname="DESKTOP-FJ4DCVT" failures="0" tests="4" name="selenium.report.Day7_2" time="0.013" errors="0" timestamp="2023-06-02T23:09:32 IST" skipped="0">
  <testcase classname="selenium.report.Day7_2" name="add" time="0.011"/>
  <system-out/>
  <testcase classname="selenium.report.Day7_2" name="subtract" time="0.001"/>
  <system-out/>
  <testcase classname="selenium.report.Day7_2" name="mutiply" time="0.001"/>
  <system-out/>
  <testcase classname="selenium.report.Day7_2" name="divide" time="0.000"/>
  <system-out/>
</testsuite> <!-- selenium.report.Day7_2 -->
